2023-02-17 23:44:47.543 [info] Extension host with pid 204 started
2023-02-17 23:44:47.548 [error] Error: EEXIST: file already exists, open '/home/franko/.vscode-server/data/User/workspaceStorage/5ae968a30178df94d103b98d05691899/vscode.lock'
2023-02-17 23:44:47.557 [info] Lock '/home/franko/.vscode-server/data/User/workspaceStorage/5ae968a30178df94d103b98d05691899/vscode.lock': Could not acquire lock, checking if the file is stale.
2023-02-17 23:44:47.558 [info] Lock '/home/franko/.vscode-server/data/User/workspaceStorage/5ae968a30178df94d103b98d05691899/vscode.lock': The pid 148 appears to be gone.
2023-02-17 23:44:47.558 [info] Lock '/home/franko/.vscode-server/data/User/workspaceStorage/5ae968a30178df94d103b98d05691899/vscode.lock': Deleting a stale lock.
2023-02-17 23:44:47.591 [info] ExtensionService#_doActivateExtension vscode.emmet, startup: false, activationEvent: 'onLanguage'
2023-02-17 23:44:47.593 [info] ExtensionService#_doActivateExtension vscode.html-language-features, startup: false, activationEvent: 'onLanguage:html'
2023-02-17 23:44:47.593 [info] ExtensionService#_doActivateExtension vscode.git-base, startup: true, activationEvent: '*', root cause: vscode.git
2023-02-17 23:44:47.593 [info] ExtensionService#_doActivateExtension christian-kohler.path-intellisense, startup: true, activationEvent: '*'
2023-02-17 23:44:47.594 [info] ExtensionService#_doActivateExtension naumovs.color-highlight, startup: true, activationEvent: '*'
2023-02-17 23:44:47.780 [info] Lock '/home/franko/.vscode-server/data/User/workspaceStorage/5ae968a30178df94d103b98d05691899/vscode.lock': Lock acquired.
2023-02-17 23:44:47.837 [info] ExtensionService#_doActivateExtension vscode.git, startup: true, activationEvent: '*'
2023-02-17 23:44:47.837 [info] ExtensionService#_doActivateExtension vscode.github, startup: true, activationEvent: '*'
2023-02-17 23:44:48.025 [info] ExtensionService#_doActivateExtension vscode.debug-auto-launch, startup: false, activationEvent: 'onStartupFinished'
2023-02-17 23:44:48.026 [info] ExtensionService#_doActivateExtension vscode.merge-conflict, startup: false, activationEvent: 'onStartupFinished'
2023-02-17 23:44:48.026 [info] ExtensionService#_doActivateExtension Durzn.brackethighlighter, startup: false, activationEvent: 'onStartupFinished'
2023-02-17 23:44:48.026 [info] ExtensionService#_doActivateExtension vscode.npm, startup: false, activationEvent: 'onStartupFinished', root cause: esbenp.prettier-vscode
2023-02-17 23:44:48.027 [info] ExtensionService#_doActivateExtension ritwickdey.LiveServer, startup: false, activationEvent: 'onStartupFinished'
2023-02-17 23:44:48.027 [info] Eager extensions activated
2023-02-17 23:44:48.518 [info] ExtensionService#_doActivateExtension esbenp.prettier-vscode, startup: false, activationEvent: 'onStartupFinished'
