2023-02-17 23:44:47.621 [info] Extension host with pid 215 started
2023-02-17 23:44:47.623 [error] Error: EEXIST: file already exists, open '/home/franko/.vscode-server/data/User/workspaceStorage/f092b66e8e9b86bd0f7bfe00b2def47e/vscode.lock'
2023-02-17 23:44:47.631 [info] Lock '/home/franko/.vscode-server/data/User/workspaceStorage/f092b66e8e9b86bd0f7bfe00b2def47e/vscode.lock': Could not acquire lock, checking if the file is stale.
2023-02-17 23:44:47.634 [info] Lock '/home/franko/.vscode-server/data/User/workspaceStorage/f092b66e8e9b86bd0f7bfe00b2def47e/vscode.lock': The pid 29269 appears to be gone.
2023-02-17 23:44:47.634 [info] Lock '/home/franko/.vscode-server/data/User/workspaceStorage/f092b66e8e9b86bd0f7bfe00b2def47e/vscode.lock': Deleting a stale lock.
2023-02-17 23:44:47.644 [info] Lock '/home/franko/.vscode-server/data/User/workspaceStorage/f092b66e8e9b86bd0f7bfe00b2def47e/vscode.lock': Lock acquired.
2023-02-17 23:44:47.666 [info] ExtensionService#_doActivateExtension vscode.emmet, startup: false, activationEvent: 'onLanguage'
2023-02-17 23:44:47.667 [info] ExtensionService#_doActivateExtension vscode.typescript-language-features, startup: false, activationEvent: 'onLanguage:javascript'
2023-02-17 23:44:47.667 [info] ExtensionService#_doActivateExtension vscode.git-base, startup: true, activationEvent: '*', root cause: vscode.git
2023-02-17 23:44:47.668 [info] ExtensionService#_doActivateExtension christian-kohler.path-intellisense, startup: true, activationEvent: '*'
2023-02-17 23:44:47.668 [info] ExtensionService#_doActivateExtension naumovs.color-highlight, startup: true, activationEvent: '*'
2023-02-17 23:44:47.794 [info] ExtensionService#_doActivateExtension vscode.npm, startup: true, activationEvent: 'workspaceContains:package.json'
2023-02-17 23:44:47.968 [info] ExtensionService#_doActivateExtension vscode.git, startup: true, activationEvent: '*'
2023-02-17 23:44:47.968 [info] ExtensionService#_doActivateExtension vscode.github, startup: true, activationEvent: '*'
2023-02-17 23:44:48.443 [info] ExtensionService#_doActivateExtension vscode.debug-auto-launch, startup: false, activationEvent: 'onStartupFinished'
2023-02-17 23:44:48.444 [info] ExtensionService#_doActivateExtension vscode.merge-conflict, startup: false, activationEvent: 'onStartupFinished'
2023-02-17 23:44:48.444 [info] ExtensionService#_doActivateExtension Durzn.brackethighlighter, startup: false, activationEvent: 'onStartupFinished'
2023-02-17 23:44:48.445 [info] ExtensionService#_doActivateExtension esbenp.prettier-vscode, startup: false, activationEvent: 'onStartupFinished'
2023-02-17 23:44:48.445 [info] ExtensionService#_doActivateExtension ritwickdey.LiveServer, startup: false, activationEvent: 'onStartupFinished'
2023-02-17 23:44:48.445 [info] Eager extensions activated
